<?xml version="1.0" encoding="UTF-8"?>
<!-- Generated by org.testng.reporters.JUnitReportReporter -->
<testsuite hostname="DESKTOP-CHV52S0" failures="0" tests="1" name="demo.DemoAmazonPOM1Style" time="1.529" errors="0" timestamp="2019-12-20T13:33:46 CST" skipped="0">
  <testcase classname="demo.DemoAmazonPOM1Style" name="searchProduct" time="1.529"/>
</testsuite> <!-- demo.DemoAmazonPOM1Style -->
