<?xml version="1.0" encoding="UTF-8"?>
<!-- Generated by org.testng.reporters.JUnitReportReporter -->
<testsuite hostname="DESKTOP-CHV52S0" failures="0" tests="1" name="com.mercuryTravel.test.HomePageTest" time="3.753" errors="0" timestamp="2019-12-18T23:16:55 CST" skipped="0">
  <testcase classname="com.mercuryTravel.test.HomePageTest" name="verifyLoginToMercuryTravelAsUserWithCorrectCredentials" time="3.753"/>
</testsuite> <!-- com.mercuryTravel.test.HomePageTest -->
