<?xml version="1.0" encoding="UTF-8"?>
<!-- Generated by org.testng.reporters.JUnitReportReporter -->
<testsuite hostname="DESKTOP-CHV52S0" failures="0" tests="3" name="demo.DemoTestProvider" time="0.010" errors="0" timestamp="2019-12-20T13:28:38 CST" skipped="0">
  <testcase classname="demo.DemoTestProvider" name="printTestData" time="0.007"/>
  <testcase classname="demo.DemoTestProvider" name="printTestData" time="0.002"/>
  <testcase classname="demo.DemoTestProvider" name="printTestData" time="0.001"/>
</testsuite> <!-- demo.DemoTestProvider -->
