<?xml version="1.0" encoding="UTF-8"?>
<!-- Generated by org.testng.reporters.JUnitReportReporter -->
<testsuite hostname="DESKTOP-CHV52S0" failures="0" tests="1" name="designPattern.DemoAmazonPOM3Style" time="3.649" errors="0" timestamp="2019-12-18T12:23:55 CST" skipped="0">
  <testcase classname="designPattern.DemoAmazonPOM3Style" name="searchProduct" time="3.649"/>
</testsuite> <!-- designPattern.DemoAmazonPOM3Style -->
