<?xml version="1.0" encoding="UTF-8"?>
<!-- Generated by org.testng.reporters.JUnitReportReporter -->
<testsuite hostname="DESKTOP-CHV52S0" failures="0" tests="1" name="demo.DemoAmazonPageFactoryStyle" time="2.321" errors="0" timestamp="2019-12-18T12:41:57 CST" skipped="0">
  <testcase classname="demo.DemoAmazonPageFactoryStyle" name="searchProduct" time="2.321"/>
</testsuite> <!-- demo.DemoAmazonPageFactoryStyle -->
