<?xml version="1.0" encoding="UTF-8"?>
<!-- Generated by org.testng.reporters.JUnitReportReporter -->
<testsuite hostname="DESKTOP-CHV52S0" failures="0" tests="1" name="designPattern.DemoAmazonPOMStyle" time="2.651" errors="0" timestamp="2019-12-18T11:20:41 CST" skipped="0">
  <testcase classname="designPattern.DemoAmazonPOMStyle" name="searchProduct" time="2.651"/>
</testsuite> <!-- designPattern.DemoAmazonPOMStyle -->
