<?xml version="1.0" encoding="UTF-8"?>
<!-- Generated by org.testng.reporters.JUnitReportReporter -->
<testsuite hostname="DESKTOP-CHV52S0" failures="0" tests="1" name="designPattern.DemoAmazonPOM2Style" time="2.071" errors="0" timestamp="2019-12-18T11:39:37 CST" skipped="0">
  <testcase classname="designPattern.DemoAmazonPOM2Style" name="searchProduct" time="2.071"/>
</testsuite> <!-- designPattern.DemoAmazonPOM2Style -->
